#
# There is insufficient memory for the Java Runtime Environment to continue.
# Native memory allocation (malloc) failed to allocate 537776 bytes. Error detail: Chunk::new
# Possible reasons:
#   The system is out of physical RAM or swap space
#   This process is running with CompressedOops enabled, and the Java Heap may be blocking the growth of the native heap
# Possible solutions:
#   Reduce memory load on the system
#   Increase physical memory or swap space
#   Check if swap backing store is full
#   Decrease Java heap size (-Xmx/-Xms)
#   Decrease number of Java threads
#   Decrease Java thread stack sizes (-Xss)
#   Set larger code cache with -XX:ReservedCodeCacheSize=
#   JVM is running with Unscaled Compressed Oops mode in which the Java heap is
#     placed in the first 4GB address space. The Java Heap base address is the
#     maximum limit for the native heap growth. Please use -XX:HeapBaseMinAddress
#     to set the Java Heap base and to place the Java Heap above 4GB virtual address.
# This output file may be truncated or incomplete.
#
#  Out of Memory Error (arena.cpp:168), pid=18236, tid=14008
#
# JRE version: OpenJDK Runtime Environment Temurin-21.0.7+6 (21.0.7+6) (build 21.0.7+6-LTS)
# Java VM: OpenJDK 64-Bit Server VM Temurin-21.0.7+6 (21.0.7+6-LTS, mixed mode, sharing, tiered, compressed oops, compressed class ptrs, parallel gc, windows-amd64)
# No core dump will be written. Minidumps are not enabled by default on client versions of Windows
#

---------------  S U M M A R Y ------------

Command Line: --add-modules=ALL-SYSTEM --add-opens=java.base/java.util=ALL-UNNAMED --add-opens=java.base/java.lang=ALL-UNNAMED --add-opens=java.base/sun.nio.fs=ALL-UNNAMED -Declipse.application=org.eclipse.jdt.ls.core.id1 -Dosgi.bundles.defaultStartLevel=4 -Declipse.product=org.eclipse.jdt.ls.core.product -Djava.import.generatesMetadataFilesAtProjectRoot=false -DDetectVMInstallationsJob.disabled=true -Dfile.encoding=utf8 -XX:+UseParallelGC -XX:GCTimeRatio=4 -XX:AdaptiveSizePolicyWeight=90 -Dsun.zip.disableMemoryMapping=true -Xmx2G -Xms100m -Xlog:disable -javaagent:c:\Users\AJANSCODE\.vscode\extensions\redhat.java-1.43.1-win32-x64\lombok\lombok-1.18.39-4050.jar c:\Users\AJANSCODE\.vscode\extensions\redhat.java-1.43.1-win32-x64\server\plugins\org.eclipse.equinox.launcher_1.7.0.v20250519-0528.jar -configuration c:\Users\AJANSCODE\AppData\Roaming\Code\User\globalStorage\redhat.java\1.43.1\config_ss_win -data c:\Users\AJANSCODE\AppData\Roaming\Code\User\workspaceStorage\53ff6b24b258adef61ff126bbd334b53\redhat.java\ss_ws --pipe=\\.\pipe\lsp-89e96035bb9fc44c2eebdf5273447377-sock

Host: Intel(R) Core(TM) i7-7700HQ CPU @ 2.80GHz, 8 cores, 31G,  Windows 10 , 64 bit Build 19041 (10.0.19041.5915)
Time: Thu Jul 17 17:32:49 2025 Türkiye Standart Saati elapsed time: 5.257708 seconds (0d 0h 0m 5s)

---------------  T H R E A D  ---------------

Current thread (0x000002407c24e9e0):  JavaThread "C2 CompilerThread0" daemon [_thread_in_native, id=14008, stack(0x000000a466200000,0x000000a466300000) (1024K)]


Current CompileTask:
C2:5257 2593       4       org.lombokweb.asm.ClassReader::readMethod (1070 bytes)

Stack: [0x000000a466200000,0x000000a466300000]
Native frames: (J=compiled Java code, j=interpreted, Vv=VM code, C=native code)
V  [jvm.dll+0x6ce119]
V  [jvm.dll+0x8a84a1]
V  [jvm.dll+0x8aa9ce]
V  [jvm.dll+0x8ab0b3]
V  [jvm.dll+0x27f8a6]
V  [jvm.dll+0xc507d]
V  [jvm.dll+0xc55b3]
V  [jvm.dll+0x2f2c6d]
V  [jvm.dll+0x5f6bca]
V  [jvm.dll+0x250cb2]
V  [jvm.dll+0x24975f]
V  [jvm.dll+0x246fc4]
V  [jvm.dll+0x1c760e]
V  [jvm.dll+0x25695a]
V  [jvm.dll+0x254efa]
V  [jvm.dll+0x3f03f6]
V  [jvm.dll+0x851f6b]
V  [jvm.dll+0x6cc7dd]
C  [ucrtbase.dll+0x21bb2]
C  [KERNEL32.DLL+0x17374]
C  [ntdll.dll+0x4cc91]


---------------  P R O C E S S  ---------------

Threads class SMR info:
_java_thread_list=0x000002407eb0a110, length=19, elements={
0x00000240657e3780, 0x000002407c241550, 0x000002407c242ca0, 0x000002407c248400,
0x000002407c249590, 0x000002407c24d160, 0x000002407c24dbb0, 0x000002407c24e9e0,
0x000002407c27d7b0, 0x000002407dc044c0, 0x000002407de35ab0, 0x000002407e5a9cb0,
0x000002407e707780, 0x000002407ea737a0, 0x000002407e994780, 0x000002407e5ee360,
0x000002407ead4730, 0x000002407eaf59e0, 0x000002407ec11900
}

Java Threads: ( => current thread )
  0x00000240657e3780 JavaThread "main"                              [_thread_blocked, id=21676, stack(0x000000a465800000,0x000000a465900000) (1024K)]
  0x000002407c241550 JavaThread "Reference Handler"          daemon [_thread_blocked, id=10332, stack(0x000000a465c00000,0x000000a465d00000) (1024K)]
  0x000002407c242ca0 JavaThread "Finalizer"                  daemon [_thread_blocked, id=15920, stack(0x000000a465d00000,0x000000a465e00000) (1024K)]
  0x000002407c248400 JavaThread "Signal Dispatcher"          daemon [_thread_blocked, id=30644, stack(0x000000a465e00000,0x000000a465f00000) (1024K)]
  0x000002407c249590 JavaThread "Attach Listener"            daemon [_thread_blocked, id=26000, stack(0x000000a465f00000,0x000000a466000000) (1024K)]
  0x000002407c24d160 JavaThread "Service Thread"             daemon [_thread_blocked, id=15708, stack(0x000000a466000000,0x000000a466100000) (1024K)]
  0x000002407c24dbb0 JavaThread "Monitor Deflation Thread"   daemon [_thread_blocked, id=26960, stack(0x000000a466100000,0x000000a466200000) (1024K)]
=>0x000002407c24e9e0 JavaThread "C2 CompilerThread0"         daemon [_thread_in_native, id=14008, stack(0x000000a466200000,0x000000a466300000) (1024K)]
  0x000002407c27d7b0 JavaThread "C1 CompilerThread0"         daemon [_thread_blocked, id=25764, stack(0x000000a466300000,0x000000a466400000) (1024K)]
  0x000002407dc044c0 JavaThread "Common-Cleaner"             daemon [_thread_blocked, id=28568, stack(0x000000a466400000,0x000000a466500000) (1024K)]
  0x000002407de35ab0 JavaThread "Notification Thread"        daemon [_thread_blocked, id=4704, stack(0x000000a466600000,0x000000a466700000) (1024K)]
  0x000002407e5a9cb0 JavaThread "Active Thread: Equinox Container: d8332141-17aa-4641-a8c4-58a634a21c4c"        [_thread_blocked, id=21956, stack(0x000000a466e00000,0x000000a466f00000) (1024K)]
  0x000002407e707780 JavaThread "Framework Event Dispatcher: Equinox Container: d8332141-17aa-4641-a8c4-58a634a21c4c" daemon [_thread_blocked, id=23280, stack(0x000000a466700000,0x000000a466800000) (1024K)]
  0x000002407ea737a0 JavaThread "Start Level: Equinox Container: d8332141-17aa-4641-a8c4-58a634a21c4c" daemon [_thread_in_vm, id=20968, stack(0x000000a466f00000,0x000000a467000000) (1024K)]
  0x000002407e994780 JavaThread "SCR Component Actor"        daemon [_thread_blocked, id=26448, stack(0x000000a467100000,0x000000a467200000) (1024K)]
  0x000002407e5ee360 JavaThread "SCR Component Registry"     daemon [_thread_blocked, id=16752, stack(0x000000a467200000,0x000000a467300000) (1024K)]
  0x000002407ead4730 JavaThread "Worker-JM"                         [_thread_blocked, id=16308, stack(0x000000a467400000,0x000000a467500000) (1024K)]
  0x000002407eaf59e0 JavaThread "Worker-0"                          [_thread_blocked, id=17804, stack(0x000000a466500000,0x000000a466600000) (1024K)]
  0x000002407ec11900 JavaThread "Worker-1"                          [_thread_blocked, id=24532, stack(0x000000a467300000,0x000000a467400000) (1024K)]
Total: 19

Other Threads:
  0x00000240658a1c00 VMThread "VM Thread"                           [id=21608, stack(0x000000a465b00000,0x000000a465c00000) (1024K)]
  0x000002406584e9d0 WatcherThread "VM Periodic Task Thread"        [id=6760, stack(0x000000a465a00000,0x000000a465b00000) (1024K)]
  0x00000240658009e0 WorkerThread "GC Thread#0"                     [id=25836, stack(0x000000a465900000,0x000000a465a00000) (1024K)]
  0x000002407e418d20 WorkerThread "GC Thread#1"                     [id=11632, stack(0x000000a466800000,0x000000a466900000) (1024K)]
  0x000002407e2c1e70 WorkerThread "GC Thread#2"                     [id=17680, stack(0x000000a466900000,0x000000a466a00000) (1024K)]
  0x000002407e2c2210 WorkerThread "GC Thread#3"                     [id=22612, stack(0x000000a466a00000,0x000000a466b00000) (1024K)]
  0x000002407e2c25b0 WorkerThread "GC Thread#4"                     [id=11344, stack(0x000000a466b00000,0x000000a466c00000) (1024K)]
  0x000002407e267e10 WorkerThread "GC Thread#5"                     [id=18560, stack(0x000000a466c00000,0x000000a466d00000) (1024K)]
  0x000002407e2689c0 WorkerThread "GC Thread#6"                     [id=23512, stack(0x000000a466d00000,0x000000a466e00000) (1024K)]
  0x000002407e9abf30 WorkerThread "GC Thread#7"                     [id=1856, stack(0x000000a467000000,0x000000a467100000) (1024K)]
Total: 10

Threads with active compile tasks:
C2 CompilerThread0  5306 2593       4       org.lombokweb.asm.ClassReader::readMethod (1070 bytes)
Total: 1

VM state: not at safepoint (normal execution)

VM Mutex/Monitor currently owned by a thread: None

Heap address: 0x0000000080000000, size: 2048 MB, Compressed Oops mode: 32-bit

CDS archive(s) mapped at: [0x0000024000000000-0x0000024000ba0000-0x0000024000ba0000), size 12189696, SharedBaseAddress: 0x0000024000000000, ArchiveRelocationMode: 1.
Compressed class space mapped at: 0x0000024001000000-0x0000024041000000, reserved size: 1073741824
Narrow klass base: 0x0000024000000000, Narrow klass shift: 0, Narrow klass range: 0x100000000

GC Precious Log:
 CardTable entry size: 512
 CPUs: 8 total, 8 available
 Memory: 32409M
 Large Page Support: Disabled
 NUMA Support: Disabled
 Compressed Oops: Enabled (32-bit)
 Alignments: Space 512K, Generation 512K, Heap 2M
 Heap Min Capacity: 100M
 Heap Initial Capacity: 100M
 Heap Max Capacity: 2G
 Pre-touch: Disabled
 Parallel Workers: 8

Heap:
 PSYoungGen      total 29696K, used 7201K [0x00000000d5580000, 0x00000000d7680000, 0x0000000100000000)
  eden space 25600K, 12% used [0x00000000d5580000,0x00000000d588ce70,0x00000000d6e80000)
  from space 4096K, 99% used [0x00000000d6e80000,0x00000000d727b648,0x00000000d7280000)
  to   space 4096K, 0% used [0x00000000d7280000,0x00000000d7280000,0x00000000d7680000)
 ParOldGen       total 68608K, used 5900K [0x0000000080000000, 0x0000000084300000, 0x00000000d5580000)
  object space 68608K, 8% used [0x0000000080000000,0x00000000805c30b8,0x0000000084300000)
 Metaspace       used 20229K, committed 20864K, reserved 1114112K
  class space    used 1912K, committed 2176K, reserved 1048576K

Card table byte_map: [0x0000024065190000,0x00000240655a0000] _byte_map_base: 0x0000024064d90000

Marking Bits: (ParMarkBitMap*) 0x00007ffac7fe31f0
 Begin Bits: [0x0000024077c90000, 0x0000024079c90000)
 End Bits:   [0x0000024079c90000, 0x000002407bc90000)

Polling page: 0x00000240636e0000

Metaspace:

Usage:
  Non-class:     17.89 MB used.
      Class:      1.87 MB used.
       Both:     19.75 MB used.

Virtual space:
  Non-class space:       64.00 MB reserved,      18.25 MB ( 29%) committed,  1 nodes.
      Class space:        1.00 GB reserved,       2.12 MB ( <1%) committed,  1 nodes.
             Both:        1.06 GB reserved,      20.38 MB (  2%) committed. 

Chunk freelists:
   Non-Class:  12.91 MB
       Class:  13.89 MB
        Both:  26.79 MB

MaxMetaspaceSize: unlimited
CompressedClassSpaceSize: 1.00 GB
Initial GC threshold: 21.00 MB
Current GC threshold: 21.00 MB
CDS: on
 - commit_granule_bytes: 65536.
 - commit_granule_words: 8192.
 - virtual_space_node_default_size: 8388608.
 - enlarge_chunks_in_place: 1.
 - use_allocation_guard: 0.


Internal statistics:

num_allocs_failed_limit: 0.
num_arena_births: 472.
num_arena_deaths: 0.
num_vsnodes_births: 2.
num_vsnodes_deaths: 0.
num_space_committed: 326.
num_space_uncommitted: 0.
num_chunks_returned_to_freelist: 0.
num_chunks_taken_from_freelist: 1198.
num_chunk_merges: 0.
num_chunk_splits: 793.
num_chunks_enlarged: 534.
num_inconsistent_stats: 0.

CodeHeap 'non-profiled nmethods': size=120000Kb used=1124Kb max_used=1124Kb free=118875Kb
 bounds [0x00000240704b0000, 0x0000024070720000, 0x00000240779e0000]
CodeHeap 'profiled nmethods': size=120000Kb used=5142Kb max_used=5142Kb free=114857Kb
 bounds [0x00000240689e0000, 0x0000024068ef0000, 0x000002406ff10000]
CodeHeap 'non-nmethods': size=5760Kb used=1304Kb max_used=1309Kb free=4455Kb
 bounds [0x000002406ff10000, 0x0000024070180000, 0x00000240704b0000]
 total_blobs=3181 nmethods=2595 adapters=492
 compilation: enabled
              stopped_count=0, restarted_count=0
 full_count=0

Compilation events (20 events):
Event: 5.104 Thread 0x000002407c27d7b0 nmethod 2585 0x0000024068eded10 code [0x0000024068edeec0, 0x0000024068edf0c8]
Event: 5.104 Thread 0x000002407c27d7b0 2584       3       java.util.regex.Pattern$BranchConn::match (11 bytes)
Event: 5.104 Thread 0x000002407c27d7b0 nmethod 2584 0x0000024068edf210 code [0x0000024068edf3c0, 0x0000024068edf598]
Event: 5.104 Thread 0x000002407c27d7b0 2586       1       lombok.patcher.MethodLogistics::getReturnOpcode (5 bytes)
Event: 5.104 Thread 0x000002407c27d7b0 nmethod 2586 0x00000240705c8290 code [0x00000240705c8420, 0x00000240705c84e8]
Event: 5.112 Thread 0x000002407c24e9e0 2589   !   4       java.util.WeakHashMap::expungeStaleEntries (139 bytes)
Event: 5.121 Thread 0x000002407c24e9e0 nmethod 2589 0x00000240705c8590 code [0x00000240705c8780, 0x00000240705c8b88]
Event: 5.121 Thread 0x000002407c24e9e0 2590       4       java.util.WeakHashMap::hash (28 bytes)
Event: 5.122 Thread 0x000002407c24e9e0 nmethod 2590 0x00000240705c9010 code [0x00000240705c91a0, 0x00000240705c92e0]
Event: 5.145 Thread 0x000002407c27d7b0 2591       3       org.lombokweb.asm.SymbolTable::<init> (554 bytes)
Event: 5.147 Thread 0x000002407c24e9e0 2593       4       org.lombokweb.asm.ClassReader::readMethod (1070 bytes)
Event: 5.149 Thread 0x000002407c27d7b0 nmethod 2591 0x0000024068edf690 code [0x0000024068edfc60, 0x0000024068ee2598]
Event: 5.149 Thread 0x000002407c27d7b0 2595       3       org.lombokweb.asm.MethodWriter::visitMethodInsn (191 bytes)
Event: 5.151 Thread 0x000002407c27d7b0 nmethod 2595 0x0000024068ee3790 code [0x0000024068ee39e0, 0x0000024068ee41a0]
Event: 5.151 Thread 0x000002407c27d7b0 2596       3       org.lombokweb.asm.SymbolTable::addConstantMethodref (24 bytes)
Event: 5.151 Thread 0x000002407c27d7b0 nmethod 2596 0x0000024068ee4490 code [0x0000024068ee4640, 0x0000024068ee47e0]
Event: 5.151 Thread 0x000002407c27d7b0 2592       3       org.lombokweb.asm.SymbolTable::hash (14 bytes)
Event: 5.151 Thread 0x000002407c27d7b0 nmethod 2592 0x0000024068ee4890 code [0x0000024068ee4a20, 0x0000024068ee4b28]
Event: 5.153 Thread 0x000002407c27d7b0 2597       3       org.lombokweb.asm.ByteVector::putByteArray (49 bytes)
Event: 5.154 Thread 0x000002407c27d7b0 nmethod 2597 0x0000024068ee4b90 code [0x0000024068ee4d60, 0x0000024068ee5028]

GC Heap History (10 events):
Event: 1.582 GC heap before
{Heap before GC invocations=1 (full 0):
 PSYoungGen      total 29696K, used 25600K [0x00000000d5580000, 0x00000000d7680000, 0x0000000100000000)
  eden space 25600K, 100% used [0x00000000d5580000,0x00000000d6e80000,0x00000000d6e80000)
  from space 4096K, 0% used [0x00000000d7280000,0x00000000d7280000,0x00000000d7680000)
  to   space 4096K, 0% used [0x00000000d6e80000,0x00000000d6e80000,0x00000000d7280000)
 ParOldGen       total 68608K, used 0K [0x0000000080000000, 0x0000000084300000, 0x00000000d5580000)
  object space 68608K, 0% used [0x0000000080000000,0x0000000080000000,0x0000000084300000)
 Metaspace       used 4229K, committed 4480K, reserved 1114112K
  class space    used 455K, committed 576K, reserved 1048576K
}
Event: 1.592 GC heap after
{Heap after GC invocations=1 (full 0):
 PSYoungGen      total 29696K, used 3359K [0x00000000d5580000, 0x00000000d7680000, 0x0000000100000000)
  eden space 25600K, 0% used [0x00000000d5580000,0x00000000d5580000,0x00000000d6e80000)
  from space 4096K, 82% used [0x00000000d6e80000,0x00000000d71c7f08,0x00000000d7280000)
  to   space 4096K, 0% used [0x00000000d7280000,0x00000000d7280000,0x00000000d7680000)
 ParOldGen       total 68608K, used 16K [0x0000000080000000, 0x0000000084300000, 0x00000000d5580000)
  object space 68608K, 0% used [0x0000000080000000,0x0000000080004000,0x0000000084300000)
 Metaspace       used 4229K, committed 4480K, reserved 1114112K
  class space    used 455K, committed 576K, reserved 1048576K
}
Event: 2.751 GC heap before
{Heap before GC invocations=2 (full 0):
 PSYoungGen      total 29696K, used 28959K [0x00000000d5580000, 0x00000000d7680000, 0x0000000100000000)
  eden space 25600K, 100% used [0x00000000d5580000,0x00000000d6e80000,0x00000000d6e80000)
  from space 4096K, 82% used [0x00000000d6e80000,0x00000000d71c7f08,0x00000000d7280000)
  to   space 4096K, 0% used [0x00000000d7280000,0x00000000d7280000,0x00000000d7680000)
 ParOldGen       total 68608K, used 16K [0x0000000080000000, 0x0000000084300000, 0x00000000d5580000)
  object space 68608K, 0% used [0x0000000080000000,0x0000000080004000,0x0000000084300000)
 Metaspace       used 8083K, committed 8320K, reserved 1114112K
  class space    used 835K, committed 960K, reserved 1048576K
}
Event: 2.758 GC heap after
{Heap after GC invocations=2 (full 0):
 PSYoungGen      total 29696K, used 4085K [0x00000000d5580000, 0x00000000d7680000, 0x0000000100000000)
  eden space 25600K, 0% used [0x00000000d5580000,0x00000000d5580000,0x00000000d6e80000)
  from space 4096K, 99% used [0x00000000d7280000,0x00000000d767d5e0,0x00000000d7680000)
  to   space 4096K, 0% used [0x00000000d6e80000,0x00000000d6e80000,0x00000000d7280000)
 ParOldGen       total 68608K, used 924K [0x0000000080000000, 0x0000000084300000, 0x00000000d5580000)
  object space 68608K, 1% used [0x0000000080000000,0x00000000800e71a0,0x0000000084300000)
 Metaspace       used 8083K, committed 8320K, reserved 1114112K
  class space    used 835K, committed 960K, reserved 1048576K
}
Event: 3.720 GC heap before
{Heap before GC invocations=3 (full 0):
 PSYoungGen      total 29696K, used 29685K [0x00000000d5580000, 0x00000000d7680000, 0x0000000100000000)
  eden space 25600K, 100% used [0x00000000d5580000,0x00000000d6e80000,0x00000000d6e80000)
  from space 4096K, 99% used [0x00000000d7280000,0x00000000d767d5e0,0x00000000d7680000)
  to   space 4096K, 0% used [0x00000000d6e80000,0x00000000d6e80000,0x00000000d7280000)
 ParOldGen       total 68608K, used 924K [0x0000000080000000, 0x0000000084300000, 0x00000000d5580000)
  object space 68608K, 1% used [0x0000000080000000,0x00000000800e71a0,0x0000000084300000)
 Metaspace       used 12847K, committed 13312K, reserved 1114112K
  class space    used 1321K, committed 1536K, reserved 1048576K
}
Event: 3.725 GC heap after
{Heap after GC invocations=3 (full 0):
 PSYoungGen      total 29696K, used 4069K [0x00000000d5580000, 0x00000000d7680000, 0x0000000100000000)
  eden space 25600K, 0% used [0x00000000d5580000,0x00000000d5580000,0x00000000d6e80000)
  from space 4096K, 99% used [0x00000000d6e80000,0x00000000d72794d8,0x00000000d7280000)
  to   space 4096K, 0% used [0x00000000d7280000,0x00000000d7280000,0x00000000d7680000)
 ParOldGen       total 68608K, used 2721K [0x0000000080000000, 0x0000000084300000, 0x00000000d5580000)
  object space 68608K, 3% used [0x0000000080000000,0x00000000802a85a0,0x0000000084300000)
 Metaspace       used 12847K, committed 13312K, reserved 1114112K
  class space    used 1321K, committed 1536K, reserved 1048576K
}
Event: 4.632 GC heap before
{Heap before GC invocations=4 (full 0):
 PSYoungGen      total 29696K, used 29528K [0x00000000d5580000, 0x00000000d7680000, 0x0000000100000000)
  eden space 25600K, 99% used [0x00000000d5580000,0x00000000d6e5cd80,0x00000000d6e80000)
  from space 4096K, 99% used [0x00000000d6e80000,0x00000000d72794d8,0x00000000d7280000)
  to   space 4096K, 0% used [0x00000000d7280000,0x00000000d7280000,0x00000000d7680000)
 ParOldGen       total 68608K, used 2721K [0x0000000080000000, 0x0000000084300000, 0x00000000d5580000)
  object space 68608K, 3% used [0x0000000080000000,0x00000000802a85a0,0x0000000084300000)
 Metaspace       used 15862K, committed 16512K, reserved 1114112K
  class space    used 1608K, committed 1856K, reserved 1048576K
}
Event: 4.639 GC heap after
{Heap after GC invocations=4 (full 0):
 PSYoungGen      total 29696K, used 4085K [0x00000000d5580000, 0x00000000d7680000, 0x0000000100000000)
  eden space 25600K, 0% used [0x00000000d5580000,0x00000000d5580000,0x00000000d6e80000)
  from space 4096K, 99% used [0x00000000d7280000,0x00000000d767d448,0x00000000d7680000)
  to   space 4096K, 0% used [0x00000000d6e80000,0x00000000d6e80000,0x00000000d7280000)
 ParOldGen       total 68608K, used 5694K [0x0000000080000000, 0x0000000084300000, 0x00000000d5580000)
  object space 68608K, 8% used [0x0000000080000000,0x000000008058fb08,0x0000000084300000)
 Metaspace       used 15862K, committed 16512K, reserved 1114112K
  class space    used 1608K, committed 1856K, reserved 1048576K
}
Event: 5.231 GC heap before
{Heap before GC invocations=5 (full 0):
 PSYoungGen      total 29696K, used 29685K [0x00000000d5580000, 0x00000000d7680000, 0x0000000100000000)
  eden space 25600K, 100% used [0x00000000d5580000,0x00000000d6e80000,0x00000000d6e80000)
  from space 4096K, 99% used [0x00000000d7280000,0x00000000d767d448,0x00000000d7680000)
  to   space 4096K, 0% used [0x00000000d6e80000,0x00000000d6e80000,0x00000000d7280000)
 ParOldGen       total 68608K, used 5694K [0x0000000080000000, 0x0000000084300000, 0x00000000d5580000)
  object space 68608K, 8% used [0x0000000080000000,0x000000008058fb08,0x0000000084300000)
 Metaspace       used 19868K, committed 20480K, reserved 1114112K
  class space    used 1905K, committed 2176K, reserved 1048576K
}
Event: 5.236 GC heap after
{Heap after GC invocations=5 (full 0):
 PSYoungGen      total 29696K, used 4077K [0x00000000d5580000, 0x00000000d7680000, 0x0000000100000000)
  eden space 25600K, 0% used [0x00000000d5580000,0x00000000d5580000,0x00000000d6e80000)
  from space 4096K, 99% used [0x00000000d6e80000,0x00000000d727b648,0x00000000d7280000)
  to   space 4096K, 0% used [0x00000000d7280000,0x00000000d7280000,0x00000000d7680000)
 ParOldGen       total 68608K, used 5900K [0x0000000080000000, 0x0000000084300000, 0x00000000d5580000)
  object space 68608K, 8% used [0x0000000080000000,0x00000000805c30b8,0x0000000084300000)
 Metaspace       used 19868K, committed 20480K, reserved 1114112K
  class space    used 1905K, committed 2176K, reserved 1048576K
}

Dll operation events (9 events):
Event: 0.014 Loaded shared library c:\Users\AJANSCODE\.vscode\extensions\redhat.java-1.43.1-win32-x64\jre\21.0.7-win32-x86_64\bin\java.dll
Event: 0.059 Loaded shared library c:\Users\AJANSCODE\.vscode\extensions\redhat.java-1.43.1-win32-x64\jre\21.0.7-win32-x86_64\bin\zip.dll
Event: 0.263 Loaded shared library C:\Users\AJANSCODE\.vscode\extensions\redhat.java-1.43.1-win32-x64\jre\21.0.7-win32-x86_64\bin\instrument.dll
Event: 0.275 Loaded shared library C:\Users\AJANSCODE\.vscode\extensions\redhat.java-1.43.1-win32-x64\jre\21.0.7-win32-x86_64\bin\net.dll
Event: 0.279 Loaded shared library C:\Users\AJANSCODE\.vscode\extensions\redhat.java-1.43.1-win32-x64\jre\21.0.7-win32-x86_64\bin\nio.dll
Event: 0.285 Loaded shared library C:\Users\AJANSCODE\.vscode\extensions\redhat.java-1.43.1-win32-x64\jre\21.0.7-win32-x86_64\bin\zip.dll
Event: 0.329 Loaded shared library C:\Users\AJANSCODE\.vscode\extensions\redhat.java-1.43.1-win32-x64\jre\21.0.7-win32-x86_64\bin\jimage.dll
Event: 0.516 Loaded shared library c:\Users\AJANSCODE\.vscode\extensions\redhat.java-1.43.1-win32-x64\jre\21.0.7-win32-x86_64\bin\verify.dll
Event: 2.730 Loaded shared library C:\Users\AJANSCODE\AppData\Roaming\Code\User\globalStorage\redhat.java\1.43.1\config_ss_win\org.eclipse.equinox.launcher\org.eclipse.equinox.launcher.win32.win32.x86_64_1.2.1300.v20250331-1702\eclipse_11911.dll

Deoptimization events (20 events):
Event: 4.391 Thread 0x000002407ea737a0 Uncommon trap: trap_request=0xffffff45 fr.pc=0x00000240705a8620 relative=0x00000000000006e0
Event: 4.391 Thread 0x000002407ea737a0 Uncommon trap: reason=unstable_if action=reinterpret pc=0x00000240705a8620 method=java.util.regex.Matcher.search(I)Z @ 30 c2
Event: 4.391 Thread 0x000002407ea737a0 DEOPT PACKING pc=0x00000240705a8620 sp=0x000000a466ff3510
Event: 4.391 Thread 0x000002407ea737a0 DEOPT UNPACKING pc=0x000002406ff63aa2 sp=0x000000a466ff34e0 mode 2
Event: 4.391 Thread 0x000002407ea737a0 Uncommon trap: trap_request=0xffffffde fr.pc=0x00000240705a94cc relative=0x00000000000003ec
Event: 4.391 Thread 0x000002407ea737a0 Uncommon trap: reason=class_check action=maybe_recompile pc=0x00000240705a94cc method=java.util.regex.Pattern$BmpCharPropertyGreedy.match(Ljava/util/regex/Matcher;ILjava/lang/CharSequence;)Z @ 70 c2
Event: 4.391 Thread 0x000002407ea737a0 DEOPT PACKING pc=0x00000240705a94cc sp=0x000000a466ff3170
Event: 4.391 Thread 0x000002407ea737a0 DEOPT UNPACKING pc=0x000002406ff63aa2 sp=0x000000a466ff3118 mode 2
Event: 4.391 Thread 0x000002407ea737a0 Uncommon trap: trap_request=0xffffffde fr.pc=0x00000240705a94cc relative=0x00000000000003ec
Event: 4.391 Thread 0x000002407ea737a0 Uncommon trap: reason=class_check action=maybe_recompile pc=0x00000240705a94cc method=java.util.regex.Pattern$BmpCharPropertyGreedy.match(Ljava/util/regex/Matcher;ILjava/lang/CharSequence;)Z @ 70 c2
Event: 4.391 Thread 0x000002407ea737a0 DEOPT PACKING pc=0x00000240705a94cc sp=0x000000a466ff2fc0
Event: 4.391 Thread 0x000002407ea737a0 DEOPT UNPACKING pc=0x000002406ff63aa2 sp=0x000000a466ff2f68 mode 2
Event: 5.097 Thread 0x000002407ea737a0 Uncommon trap: trap_request=0xffffff45 fr.pc=0x00000240705c7184 relative=0x0000000000000164
Event: 5.097 Thread 0x000002407ea737a0 Uncommon trap: reason=unstable_if action=reinterpret pc=0x00000240705c7184 method=org.lombokweb.asm.ByteVector.putByteArray([BII)Lorg/lombokweb/asm/ByteVector; @ 20 c2
Event: 5.097 Thread 0x000002407ea737a0 DEOPT PACKING pc=0x00000240705c7184 sp=0x000000a466feea30
Event: 5.097 Thread 0x000002407ea737a0 DEOPT UNPACKING pc=0x000002406ff63aa2 sp=0x000000a466feea00 mode 2
Event: 5.097 Thread 0x000002407ea737a0 Uncommon trap: trap_request=0xffffff45 fr.pc=0x00000240705c7858 relative=0x0000000000000398
Event: 5.097 Thread 0x000002407ea737a0 Uncommon trap: reason=unstable_if action=reinterpret pc=0x00000240705c7858 method=org.lombokweb.asm.Label.resolve([BLorg/lombokweb/asm/ByteVector;I)Z @ 81 c2
Event: 5.098 Thread 0x000002407ea737a0 DEOPT PACKING pc=0x00000240705c7858 sp=0x000000a466feeac0
Event: 5.098 Thread 0x000002407ea737a0 DEOPT UNPACKING pc=0x000002406ff63aa2 sp=0x000000a466fee9c8 mode 2

Classes loaded (20 events):
Event: 4.385 Loading class java/util/zip/GZIPInputStream
Event: 4.386 Loading class java/util/zip/GZIPInputStream done
Event: 4.420 Loading class java/io/StringReader
Event: 4.420 Loading class java/io/StringReader done
Event: 4.428 Loading class java/net/SocketTimeoutException
Event: 4.428 Loading class java/io/InterruptedIOException
Event: 4.428 Loading class java/io/InterruptedIOException done
Event: 4.428 Loading class java/net/SocketTimeoutException done
Event: 4.428 Loading class java/net/SocketException
Event: 4.429 Loading class java/net/SocketException done
Event: 4.429 Loading class java/net/UnknownHostException
Event: 4.429 Loading class java/net/UnknownHostException done
Event: 4.429 Loading class java/net/ProtocolException
Event: 4.429 Loading class java/net/ProtocolException done
Event: 4.484 Loading class java/lang/ThreadLocal$SuppliedThreadLocal
Event: 4.484 Loading class java/lang/ThreadLocal$SuppliedThreadLocal done
Event: 4.492 Loading class java/io/FileWriter
Event: 4.492 Loading class java/io/FileWriter done
Event: 4.494 Loading class java/lang/NegativeArraySizeException
Event: 4.494 Loading class java/lang/NegativeArraySizeException done

Classes unloaded (0 events):
No events

Classes redefined (0 events):
No events

Internal exceptions (20 events):
Event: 3.845 Thread 0x000002407ea737a0 Exception <a 'java/io/FileNotFoundException'{0x00000000d5800108}> (0x00000000d5800108) 
thrown [s\src\hotspot\share\prims\jni.cpp, line 520]
Event: 3.847 Thread 0x000002407ea737a0 Exception <a 'java/io/FileNotFoundException'{0x00000000d58079b0}> (0x00000000d58079b0) 
thrown [s\src\hotspot\share\prims\jni.cpp, line 520]
Event: 4.094 Thread 0x000002407ea737a0 Exception <a 'java/lang/NoSuchMethodError'{0x00000000d5d9f668}: 'java.lang.Object java.lang.invoke.DirectMethodHandle$Holder.newInvokeSpecial(java.lang.Object, java.lang.Object, java.lang.Object, java.lang.Object, java.lang.Object)'> (0x00000000d5d9f668) 
thrown [s\src\hotspot\share\interpreter\linkResolver.cpp, line 773]
Event: 4.135 Thread 0x000002407ea737a0 Exception <a 'java/lang/NoSuchMethodError'{0x00000000d5e7db00}: 'java.lang.Object java.lang.invoke.DirectMethodHandle$Holder.invokeSpecial(java.lang.Object, java.lang.Object, java.lang.Object, long, java.lang.Object)'> (0x00000000d5e7db00) 
thrown [s\src\hotspot\share\interpreter\linkResolver.cpp, line 773]
Event: 4.136 Thread 0x000002407ea737a0 Exception <a 'java/lang/NoSuchMethodError'{0x00000000d5e85348}: 'java.lang.Object java.lang.invoke.DirectMethodHandle$Holder.newInvokeSpecial(java.lang.Object, java.lang.Object, java.lang.Object, long)'> (0x00000000d5e85348) 
thrown [s\src\hotspot\share\interpreter\linkResolver.cpp, line 773]
Event: 4.136 Thread 0x000002407ea737a0 Exception <a 'java/lang/NoSuchMethodError'{0x00000000d5e89738}: 'java.lang.Object java.lang.invoke.DirectMethodHandle$Holder.invokeSpecial(java.lang.Object, java.lang.Object, java.lang.Object, java.lang.Object, long)'> (0x00000000d5e89738) 
thrown [s\src\hotspot\share\interpreter\linkResolver.cpp, line 773]
Event: 4.137 Thread 0x000002407ea737a0 Exception <a 'java/lang/NoSuchMethodError'{0x00000000d5e8d5c0}: 'java.lang.Object java.lang.invoke.Invokers$Holder.linkToTargetMethod(java.lang.Object, java.lang.Object, long, java.lang.Object)'> (0x00000000d5e8d5c0) 
thrown [s\src\hotspot\share\interpreter\linkResolver.cpp, line 773]
Event: 4.188 Thread 0x000002407ea737a0 Exception <a 'java/lang/NoSuchMethodError'{0x00000000d5ee55e0}: 'int java.lang.invoke.DirectMethodHandle$Holder.invokeStaticInit(java.lang.Object, java.lang.Object, java.lang.Object)'> (0x00000000d5ee55e0) 
thrown [s\src\hotspot\share\interpreter\linkResolver.cpp, line 773]
Event: 4.212 Thread 0x000002407ea737a0 Exception <a 'java/lang/IncompatibleClassChangeError'{0x00000000d5f8eba0}: Found class java.lang.Object, but interface was expected> (0x00000000d5f8eba0) 
thrown [s\src\hotspot\share\interpreter\linkResolver.cpp, line 840]
Event: 4.213 Thread 0x000002407ea737a0 Exception <a 'java/lang/NoSuchMethodError'{0x00000000d5f926e8}: 'java.lang.Object java.lang.invoke.DirectMethodHandle$Holder.invokeSpecial(java.lang.Object, java.lang.Object, java.lang.Object, int, java.lang.Object, java.lang.Object)'> (0x00000000d5f926e8) 
thrown [s\src\hotspot\share\interpreter\linkResolver.cpp, line 773]
Event: 4.214 Thread 0x000002407ea737a0 Exception <a 'java/lang/NoSuchMethodError'{0x00000000d5f9a1c0}: 'java.lang.Object java.lang.invoke.DirectMethodHandle$Holder.newInvokeSpecial(java.lang.Object, java.lang.Object, java.lang.Object, int, java.lang.Object)'> (0x00000000d5f9a1c0) 
thrown [s\src\hotspot\share\interpreter\linkResolver.cpp, line 773]
Event: 4.214 Thread 0x000002407ea737a0 Exception <a 'java/lang/NoSuchMethodError'{0x00000000d5f9e180}: 'java.lang.Object java.lang.invoke.DirectMethodHandle$Holder.invokeSpecial(java.lang.Object, java.lang.Object, java.lang.Object, java.lang.Object, int, java.lang.Object)'> (0x00000000d5f9e180) 
thrown [s\src\hotspot\share\interpreter\linkResolver.cpp, line 773]
Event: 4.214 Thread 0x000002407ea737a0 Exception <a 'java/lang/NoSuchMethodError'{0x00000000d5fa1cc0}: 'java.lang.Object java.lang.invoke.Invokers$Holder.linkToTargetMethod(java.lang.Object, java.lang.Object, int, java.lang.Object, java.lang.Object)'> (0x00000000d5fa1cc0) 
thrown [s\src\hotspot\share\interpreter\linkResolver.cpp, line 773]
Event: 4.215 Thread 0x000002407eaf59e0 Exception <a 'java/lang/NoSuchMethodError'{0x00000000d5effab8}: 'java.lang.Object java.lang.invoke.DirectMethodHandle$Holder.invokeSpecial(java.lang.Object, java.lang.Object, int, java.lang.Object, java.lang.Object)'> (0x00000000d5effab8) 
thrown [s\src\hotspot\share\interpreter\linkResolver.cpp, line 773]
Event: 4.217 Thread 0x000002407eaf59e0 Exception <a 'java/lang/NoSuchMethodError'{0x00000000d5f067f0}: 'java.lang.Object java.lang.invoke.DirectMethodHandle$Holder.newInvokeSpecial(java.lang.Object, java.lang.Object, int, java.lang.Object)'> (0x00000000d5f067f0) 
thrown [s\src\hotspot\share\interpreter\linkResolver.cpp, line 773]
Event: 4.217 Thread 0x000002407eaf59e0 Exception <a 'java/lang/NoSuchMethodError'{0x00000000d5f0a110}: 'java.lang.Object java.lang.invoke.DirectMethodHandle$Holder.invokeSpecial(java.lang.Object, java.lang.Object, java.lang.Object, int, java.lang.Object)'> (0x00000000d5f0a110) 
thrown [s\src\hotspot\share\interpreter\linkResolver.cpp, line 773]
Event: 4.253 Thread 0x000002407ea737a0 Exception <a 'java/lang/NoSuchMethodError'{0x00000000d60ea868}: 'void java.lang.invoke.DirectMethodHandle$Holder.invokeSpecial(java.lang.Object, java.lang.Object, java.lang.Object, java.lang.Object, java.lang.Object)'> (0x00000000d60ea868) 
thrown [s\src\hotspot\share\interpreter\linkResolver.cpp, line 773]
Event: 4.345 Thread 0x000002407ea737a0 Exception <a 'java/lang/NoSuchMethodError'{0x00000000d62ddcc0}: 'double java.lang.invoke.DirectMethodHandle$Holder.invokeStatic(java.lang.Object, java.lang.Object)'> (0x00000000d62ddcc0) 
thrown [s\src\hotspot\share\interpreter\linkResolver.cpp, line 773]
Event: 4.346 Thread 0x000002407ea737a0 Exception <a 'java/lang/NoSuchMethodError'{0x00000000d62e1380}: 'double java.lang.invoke.DirectMethodHandle$Holder.invokeStaticInit(java.lang.Object, java.lang.Object)'> (0x00000000d62e1380) 
thrown [s\src\hotspot\share\interpreter\linkResolver.cpp, line 773]
Event: 5.097 Thread 0x000002407ea737a0 Implicit null exception at 0x00000240705c7075 to 0x00000240705c7168

ZGC Phase Switch (0 events):
No events

VM Operations (20 events):
Event: 2.705 Executing VM operation: ICBufferFull
Event: 2.705 Executing VM operation: ICBufferFull done
Event: 2.751 Executing VM operation: ParallelGCFailedAllocation (Allocation Failure)
Event: 2.759 Executing VM operation: ParallelGCFailedAllocation (Allocation Failure) done
Event: 3.013 Executing VM operation: HandshakeAllThreads (Deoptimize)
Event: 3.013 Executing VM operation: HandshakeAllThreads (Deoptimize) done
Event: 3.474 Executing VM operation: HandshakeAllThreads (Deoptimize)
Event: 3.474 Executing VM operation: HandshakeAllThreads (Deoptimize) done
Event: 3.719 Executing VM operation: ParallelGCFailedAllocation (Allocation Failure)
Event: 3.725 Executing VM operation: ParallelGCFailedAllocation (Allocation Failure) done
Event: 3.873 Executing VM operation: HandshakeAllThreads (Deoptimize)
Event: 3.873 Executing VM operation: HandshakeAllThreads (Deoptimize) done
Event: 3.882 Executing VM operation: HandshakeAllThreads (Deoptimize)
Event: 3.882 Executing VM operation: HandshakeAllThreads (Deoptimize) done
Event: 3.914 Executing VM operation: HandshakeAllThreads (Deoptimize)
Event: 3.914 Executing VM operation: HandshakeAllThreads (Deoptimize) done
Event: 4.631 Executing VM operation: ParallelGCFailedAllocation (Allocation Failure)
Event: 4.640 Executing VM operation: ParallelGCFailedAllocation (Allocation Failure) done
Event: 5.231 Executing VM operation: ParallelGCFailedAllocation (Allocation Failure)
Event: 5.236 Executing VM operation: ParallelGCFailedAllocation (Allocation Failure) done

Memory protections (0 events):
No events

Nmethod flushes (0 events):
No events

Events (20 events):
Event: 0.170 Thread 0x00000240657e3780 Thread added: 0x000002407dc044c0
Event: 0.228 Thread 0x000002407c27d7b0 Thread added: 0x000002407dc74480
Event: 0.714 Thread 0x00000240657e3780 Thread added: 0x000002407de35ab0
Event: 0.952 Thread 0x000002407dc74480 Thread added: 0x000002407dea6130
Event: 2.384 Thread 0x00000240657e3780 Thread added: 0x000002407e5a9cb0
Event: 2.573 Thread 0x000002407dea6130 Thread exited: 0x000002407dea6130
Event: 2.714 Thread 0x00000240657e3780 Thread added: 0x000002407e707780
Event: 2.724 Thread 0x00000240657e3780 Thread added: 0x000002407ea737a0
Event: 2.789 Thread 0x000002407ea737a0 Thread added: 0x000002407e994780
Event: 2.989 Thread 0x000002407ea737a0 Thread added: 0x000002407e5ee360
Event: 3.057 Thread 0x000002407dc74480 Thread exited: 0x000002407dc74480
Event: 3.180 Thread 0x000002407c27d7b0 Thread added: 0x000002407dc76b30
Event: 3.180 Thread 0x000002407c27d7b0 Thread added: 0x000002407e61bfa0
Event: 3.538 Thread 0x000002407ea737a0 Thread added: 0x000002407ead4730
Event: 3.802 Thread 0x000002407e61bfa0 Thread exited: 0x000002407e61bfa0
Event: 3.812 Thread 0x000002407dc76b30 Thread exited: 0x000002407dc76b30
Event: 3.926 Thread 0x000002407c27d7b0 Thread added: 0x000002407eaf59e0
Event: 4.079 Thread 0x000002407eaf59e0 Thread exited: 0x000002407eaf59e0
Event: 4.141 Thread 0x000002407ea737a0 Thread added: 0x000002407eaf59e0
Event: 4.218 Thread 0x000002407ea737a0 Thread added: 0x000002407ec11900


Dynamic libraries:
0x00007ff66ac30000 - 0x00007ff66ac3e000 	c:\Users\AJANSCODE\.vscode\extensions\redhat.java-1.43.1-win32-x64\jre\21.0.7-win32-x86_64\bin\java.exe
0x00007ffb54470000 - 0x00007ffb54668000 	C:\WINDOWS\SYSTEM32\ntdll.dll
0x00007ffb52d20000 - 0x00007ffb52de2000 	C:\WINDOWS\System32\KERNEL32.DLL
0x00007ffb51cb0000 - 0x00007ffb51fa6000 	C:\WINDOWS\System32\KERNELBASE.dll
0x00007ffb51fb0000 - 0x00007ffb520b0000 	C:\WINDOWS\System32\ucrtbase.dll
0x00007ffb00120000 - 0x00007ffb00138000 	c:\Users\AJANSCODE\.vscode\extensions\redhat.java-1.43.1-win32-x64\jre\21.0.7-win32-x86_64\bin\jli.dll
0x00007ffb52df0000 - 0x00007ffb52f8d000 	C:\WINDOWS\System32\USER32.dll
0x00007ffae4120000 - 0x00007ffae413e000 	c:\Users\AJANSCODE\.vscode\extensions\redhat.java-1.43.1-win32-x64\jre\21.0.7-win32-x86_64\bin\VCRUNTIME140.dll
0x00007ffb52200000 - 0x00007ffb52222000 	C:\WINDOWS\System32\win32u.dll
0x00007ffb52c60000 - 0x00007ffb52c8b000 	C:\WINDOWS\System32\GDI32.dll
0x00007ffb3f0a0000 - 0x00007ffb3f33a000 	C:\WINDOWS\WinSxS\amd64_microsoft.windows.common-controls_6595b64144ccf1df_6.0.19041.5915_none_60b4b9d171f9c7c7\COMCTL32.dll
0x00007ffb520b0000 - 0x00007ffb521c9000 	C:\WINDOWS\System32\gdi32full.dll
0x00007ffb51b00000 - 0x00007ffb51b9d000 	C:\WINDOWS\System32\msvcp_win.dll
0x00007ffb53b60000 - 0x00007ffb53bfe000 	C:\WINDOWS\System32\msvcrt.dll
0x00007ffb53350000 - 0x00007ffb5337f000 	C:\WINDOWS\System32\IMM32.DLL
0x00007ffb3e330000 - 0x00007ffb3e33c000 	c:\Users\AJANSCODE\.vscode\extensions\redhat.java-1.43.1-win32-x64\jre\21.0.7-win32-x86_64\bin\vcruntime140_1.dll
0x00007ffacb050000 - 0x00007ffacb0dd000 	c:\Users\AJANSCODE\.vscode\extensions\redhat.java-1.43.1-win32-x64\jre\21.0.7-win32-x86_64\bin\msvcp140.dll
0x00007ffac7330000 - 0x00007ffac80c0000 	c:\Users\AJANSCODE\.vscode\extensions\redhat.java-1.43.1-win32-x64\jre\21.0.7-win32-x86_64\bin\server\jvm.dll
0x00007ffb53c00000 - 0x00007ffb53cb1000 	C:\WINDOWS\System32\ADVAPI32.dll
0x00007ffb53190000 - 0x00007ffb5322f000 	C:\WINDOWS\System32\sechost.dll
0x00007ffb53060000 - 0x00007ffb53183000 	C:\WINDOWS\System32\RPCRT4.dll
0x00007ffb521d0000 - 0x00007ffb521f7000 	C:\WINDOWS\System32\bcrypt.dll
0x00007ffb542e0000 - 0x00007ffb5434b000 	C:\WINDOWS\System32\WS2_32.dll
0x00007ffb51090000 - 0x00007ffb510db000 	C:\WINDOWS\SYSTEM32\POWRPROF.dll
0x00007ffb3f660000 - 0x00007ffb3f687000 	C:\WINDOWS\SYSTEM32\WINMM.dll
0x00007ffb492e0000 - 0x00007ffb492ea000 	C:\WINDOWS\SYSTEM32\VERSION.dll
0x00007ffb50f00000 - 0x00007ffb50f12000 	C:\WINDOWS\SYSTEM32\UMPDC.dll
0x00007ffb4f940000 - 0x00007ffb4f952000 	C:\WINDOWS\SYSTEM32\kernel.appcore.dll
0x00007ffb3e240000 - 0x00007ffb3e24a000 	c:\Users\AJANSCODE\.vscode\extensions\redhat.java-1.43.1-win32-x64\jre\21.0.7-win32-x86_64\bin\jimage.dll
0x00007ffb3af70000 - 0x00007ffb3b171000 	C:\WINDOWS\SYSTEM32\DBGHELP.DLL
0x00007ffb27000000 - 0x00007ffb27034000 	C:\WINDOWS\SYSTEM32\dbgcore.DLL
0x00007ffb51c20000 - 0x00007ffb51ca2000 	C:\WINDOWS\System32\bcryptPrimitives.dll
0x00007ffb3e1c0000 - 0x00007ffb3e1cf000 	c:\Users\AJANSCODE\.vscode\extensions\redhat.java-1.43.1-win32-x64\jre\21.0.7-win32-x86_64\bin\instrument.dll
0x00007ffae3510000 - 0x00007ffae352f000 	c:\Users\AJANSCODE\.vscode\extensions\redhat.java-1.43.1-win32-x64\jre\21.0.7-win32-x86_64\bin\java.dll
0x00007ffb524f0000 - 0x00007ffb52c5e000 	C:\WINDOWS\System32\SHELL32.dll
0x00007ffb4fb40000 - 0x00007ffb502e4000 	C:\WINDOWS\SYSTEM32\windows.storage.dll
0x00007ffb53f80000 - 0x00007ffb542d3000 	C:\WINDOWS\System32\combase.dll
0x00007ffb51530000 - 0x00007ffb5155b000 	C:\WINDOWS\SYSTEM32\Wldp.dll
0x00007ffb52f90000 - 0x00007ffb5305d000 	C:\WINDOWS\System32\OLEAUT32.dll
0x00007ffb53880000 - 0x00007ffb5392d000 	C:\WINDOWS\System32\SHCORE.dll
0x00007ffb53cc0000 - 0x00007ffb53d1b000 	C:\WINDOWS\System32\shlwapi.dll
0x00007ffb51a30000 - 0x00007ffb51a54000 	C:\WINDOWS\SYSTEM32\profapi.dll
0x00007ffb197e0000 - 0x00007ffb197f8000 	c:\Users\AJANSCODE\.vscode\extensions\redhat.java-1.43.1-win32-x64\jre\21.0.7-win32-x86_64\bin\zip.dll
0x00007ffb43b70000 - 0x00007ffb43b80000 	C:\Users\AJANSCODE\.vscode\extensions\redhat.java-1.43.1-win32-x64\jre\21.0.7-win32-x86_64\bin\net.dll
0x00007ffb4b030000 - 0x00007ffb4b13a000 	C:\WINDOWS\SYSTEM32\WINHTTP.dll
0x00007ffb51290000 - 0x00007ffb512fa000 	C:\WINDOWS\system32\mswsock.dll
0x00007ffb17f50000 - 0x00007ffb17f66000 	C:\Users\AJANSCODE\.vscode\extensions\redhat.java-1.43.1-win32-x64\jre\21.0.7-win32-x86_64\bin\nio.dll
0x00007ffb3da20000 - 0x00007ffb3da30000 	c:\Users\AJANSCODE\.vscode\extensions\redhat.java-1.43.1-win32-x64\jre\21.0.7-win32-x86_64\bin\verify.dll
0x00007ffb43870000 - 0x00007ffb438b5000 	C:\Users\AJANSCODE\AppData\Roaming\Code\User\globalStorage\redhat.java\1.43.1\config_ss_win\org.eclipse.equinox.launcher\org.eclipse.equinox.launcher.win32.win32.x86_64_1.2.1300.v20250331-1702\eclipse_11911.dll
0x00007ffb53930000 - 0x00007ffb53a5b000 	C:\WINDOWS\System32\ole32.dll

dbghelp: loaded successfully - version: 4.0.5 - missing functions: none
symbol engine: initialized successfully - sym options: 0x614 - pdb path: .;c:\Users\AJANSCODE\.vscode\extensions\redhat.java-1.43.1-win32-x64\jre\21.0.7-win32-x86_64\bin;C:\WINDOWS\SYSTEM32;C:\WINDOWS\WinSxS\amd64_microsoft.windows.common-controls_6595b64144ccf1df_6.0.19041.5915_none_60b4b9d171f9c7c7;c:\Users\AJANSCODE\.vscode\extensions\redhat.java-1.43.1-win32-x64\jre\21.0.7-win32-x86_64\bin\server;C:\Users\AJANSCODE\AppData\Roaming\Code\User\globalStorage\redhat.java\1.43.1\config_ss_win\org.eclipse.equinox.launcher\org.eclipse.equinox.launcher.win32.win32.x86_64_1.2.1300.v20250331-1702

VM Arguments:
jvm_args: --add-modules=ALL-SYSTEM --add-opens=java.base/java.util=ALL-UNNAMED --add-opens=java.base/java.lang=ALL-UNNAMED --add-opens=java.base/sun.nio.fs=ALL-UNNAMED -Declipse.application=org.eclipse.jdt.ls.core.id1 -Dosgi.bundles.defaultStartLevel=4 -Declipse.product=org.eclipse.jdt.ls.core.product -Djava.import.generatesMetadataFilesAtProjectRoot=false -DDetectVMInstallationsJob.disabled=true -Dfile.encoding=utf8 -XX:+UseParallelGC -XX:GCTimeRatio=4 -XX:AdaptiveSizePolicyWeight=90 -Dsun.zip.disableMemoryMapping=true -Xmx2G -Xms100m -Xlog:disable -javaagent:c:\Users\AJANSCODE\.vscode\extensions\redhat.java-1.43.1-win32-x64\lombok\lombok-1.18.39-4050.jar 
java_command: c:\Users\AJANSCODE\.vscode\extensions\redhat.java-1.43.1-win32-x64\server\plugins\org.eclipse.equinox.launcher_1.7.0.v20250519-0528.jar -configuration c:\Users\AJANSCODE\AppData\Roaming\Code\User\globalStorage\redhat.java\1.43.1\config_ss_win -data c:\Users\AJANSCODE\AppData\Roaming\Code\User\workspaceStorage\53ff6b24b258adef61ff126bbd334b53\redhat.java\ss_ws --pipe=\\.\pipe\lsp-89e96035bb9fc44c2eebdf5273447377-sock
java_class_path (initial): c:\Users\AJANSCODE\.vscode\extensions\redhat.java-1.43.1-win32-x64\server\plugins\org.eclipse.equinox.launcher_1.7.0.v20250519-0528.jar
Launcher Type: SUN_STANDARD

[Global flags]
    uintx AdaptiveSizePolicyWeight                 = 90                                        {product} {command line}
     intx CICompilerCount                          = 4                                         {product} {ergonomic}
    uintx GCTimeRatio                              = 4                                         {product} {command line}
   size_t InitialHeapSize                          = 104857600                                 {product} {command line}
   size_t MaxHeapSize                              = 2147483648                                {product} {command line}
   size_t MaxNewSize                               = 715653120                                 {product} {ergonomic}
   size_t MinHeapDeltaBytes                        = 524288                                    {product} {ergonomic}
   size_t MinHeapSize                              = 104857600                                 {product} {command line}
   size_t NewSize                                  = 34603008                                  {product} {ergonomic}
    uintx NonNMethodCodeHeapSize                   = 5839372                                {pd product} {ergonomic}
    uintx NonProfiledCodeHeapSize                  = 122909434                              {pd product} {ergonomic}
   size_t OldSize                                  = 70254592                                  {product} {ergonomic}
    uintx ProfiledCodeHeapSize                     = 122909434                              {pd product} {ergonomic}
    uintx ReservedCodeCacheSize                    = 251658240                              {pd product} {ergonomic}
     bool SegmentedCodeCache                       = true                                      {product} {ergonomic}
   size_t SoftMaxHeapSize                          = 2147483648                             {manageable} {ergonomic}
     bool UseCompressedOops                        = true                           {product lp64_product} {ergonomic}
     bool UseLargePagesIndividualAllocation        = false                                  {pd product} {ergonomic}
     bool UseParallelGC                            = true                                      {product} {command line}

Logging:
Log output configuration:
 #0: stdout all=off uptime,level,tags foldmultilines=false
 #1: stderr all=off uptime,level,tags foldmultilines=false

Environment Variables:
JAVA_HOME=C:\Program Files\Microsoft\jdk-17.0.8.7-hotspot\
PATH=C:\Python313\Scripts\;C:\Python313\;C:\Python312\Scripts\;C:\Python312\;C:\Program Files\Microsoft\jdk-17.0.8.7-hotspot\bin;C:\Program Files (x86)\Common Files\Intel\Shared Libraries\redist\intel64\compiler;C:\Windows\system32;C:\Windows;C:\Windows\System32\Wbem;C:\Windows\System32\WindowsPowerShell\v1.0\;C:\Windows\System32\OpenSSH\;C:\Program Files (x86)\NVIDIA Corporation\PhysX\Common;C:\Program Files\NVIDIA Corporation\NVIDIA NvDLISR;C:\Program Files\Microsoft SQL Server\Client SDK\ODBC\130\Tools\Binn\;C:\Program Files (x86)\Microsoft SQL Server\140\Tools\Binn\;C:\Program Files\Microsoft SQL Server\140\Tools\Binn\;C:\Program Files\Microsoft SQL Server\140\DTS\Binn\;C:\Program Files (x86)\Microsoft SQL Server\150\DTS\Binn\;C:\Program Files\Microsoft SQL Server\130\Tools\Binn\;C:\Program Files\Microsoft SQL Server\Client SDK\ODBC\170\Tools\Binn\;C:\Program Files\dotnet\;C:\WINDOWS\system32;C:\WINDOWS;C:\WINDOWS\System32\Wbem;C:\WINDOWS\System32\WindowsPowerShell\v1.0\;C:\WINDOWS\System32\OpenSSH\;C:\ProgramData\chocolatey\bin;C:\Program Files (x86)\Yarn\bin\;C:\Program Files\Microsoft SQL Server\150\Tools\Binn\;C:\xampp\php;C:\composer;C:\Users\AJANSCODE\AppData\Roaming\nvm;C:\Program Files\nodejs;C:\Program Files\Git\cmd;C:\laragon\bin\php\php-8.1.10-Win32-vs16-x64;C:\php\php-8.3.4-Win32-vs16-x64;;C:\Program Files\Docker\Docker\resources\bin;C:\Program Files\Redis\;C:\Program Files\nodejs\;C:\laragon\bin;C:\laragon\bin\apache\httpd-2.4.54-win64-VS16\bin;C:\laragon\bin\composer;C:\laragon\bin\git\bin;C:\laragon\bin\git\cmd;C:\laragon\bin\git\mingw64\bin;C:\laragon\bin\git\usr\bin;C:\laragon\bin\laragon\utils;C:\laragon\bin\mysql\mysql-8.0.30-winx64\bin;C:\laragon\bin\nginx\nginx-1.22.0;C:\laragon\bin\ngrok;C:\laragon\bin\nodejs\node-v18;C:\laragon\bin\notepad++;C:\laragon\bin\php\php-8.1.10-Win32-vs16-x64;C:\laragon\bin\python\python-3.10;C:\laragon\bin\python\python-3.10\Scripts;C:\laragon\bin\redis\redis-x64-5.0.14.1;C:\laragon\bin\telnet;C:\laragon\usr\bin;C:\Users\AJANSCODE\AppData\Local\Yarn\config\global\node_modules\.bin;C:\Users\AJANSCODE\AppData\Roaming\Composer\vendor\bin;C:\Users\AJANSCODE\AppData\Local\Android\Sdk\platform-tools;C:\Users\AJANSCODE\AppData\Local\Microsoft\WindowsApps;C:\Users\AJANSCODE\.dotnet\tools;C:\Users\AJANSCODE\AppData\Local\Yarn\bin;C:\Users\AJANSCODE\AppData\Roaming\nvm;C:\Program Files\nodejs;C:\Users\AJANSCODE\AppData\Local\Programs\Microsoft VS Code\bin;C:\Users\AJANSCODE\AppData\Roaming\npm
USERNAME=AJANSCODE
OS=Windows_NT
PROCESSOR_IDENTIFIER=Intel64 Family 6 Model 158 Stepping 9, GenuineIntel
TMP=C:\Users\AJANSC~1\AppData\Local\Temp
TEMP=C:\Users\AJANSC~1\AppData\Local\Temp




Periodic native trim disabled

---------------  S Y S T E M  ---------------

OS:
 Windows 10 , 64 bit Build 19041 (10.0.19041.5915)
OS uptime: 2 days 3:37 hours
Hyper-V role detected

CPU: total 8 (initial active 8) (4 cores per cpu, 2 threads per core) family 6 model 158 stepping 9 microcode 0xb4, cx8, cmov, fxsr, ht, mmx, 3dnowpref, sse, sse2, sse3, ssse3, sse4.1, sse4.2, popcnt, lzcnt, tsc, tscinvbit, avx, avx2, aes, erms, clmul, bmi1, bmi2, adx, fma, vzeroupper, clflush, clflushopt, hv, rdtscp, f16c
Processor Information for the first 8 processors :
  Max Mhz: 2808, Current Mhz: 2808, Mhz Limit: 2808

Memory: 4k page, system-wide physical 32409M (4204M free)
TotalPageFile size 43921M (AvailPageFile size 5M)
current process WorkingSet (physical memory assigned to process): 124M, peak: 124M
current process commit charge ("private bytes"): 264M, peak: 265M

vm_info: OpenJDK 64-Bit Server VM (21.0.7+6-LTS) for windows-amd64 JRE (21.0.7+6-LTS), built on 2025-04-15T00:00:00Z by "admin" with MS VC++ 17.7 (VS2022)

END.
